<?xml version="1.0" encoding="UTF-8"?>
<testng-results skipped="1" failed="0" total="1" passed="0">
  <reporter-output>
  </reporter-output>
  <suite name="Default suite" duration-ms="5900" started-at="2024-11-24T16:04:15Z" finished-at="2024-11-24T16:04:21Z">
    <groups>
    </groups>
    <test name="Default test" duration-ms="5900" started-at="2024-11-24T16:04:15Z" finished-at="2024-11-24T16:04:21Z">
      <class name="testcases.TC001_Sample">
        <test-method status="PASS" signature="beforeSuite()[pri:0, instance:testcases.TC001_Sample@20398b7c]" name="beforeSuite" is-config="true" duration-ms="2667" started-at="2024-11-24T21:34:13Z" finished-at="2024-11-24T21:34:15Z">
          <reporter-output>
          </reporter-output>
        </test-method> <!-- beforeSuite -->
        <test-method status="PASS" signature="beforeTest()[pri:0, instance:testcases.TC001_Sample@20398b7c]" name="beforeTest" is-config="true" duration-ms="21" started-at="2024-11-24T21:34:15Z" finished-at="2024-11-24T21:34:16Z">
          <reporter-output>
          </reporter-output>
        </test-method> <!-- beforeTest -->
        <test-method status="PASS" signature="setData()[pri:0, instance:testcases.TC001_Sample@20398b7c]" name="setData" is-config="true" duration-ms="0" started-at="2024-11-24T21:34:16Z" finished-at="2024-11-24T21:34:16Z">
          <reporter-output>
          </reporter-output>
        </test-method> <!-- setData -->
        <test-method status="FAIL" signature="beforeMethod()[pri:0, instance:testcases.TC001_Sample@20398b7c]" name="beforeMethod" is-config="true" duration-ms="0" started-at="2024-11-24T21:34:16Z" finished-at="2024-11-24T21:34:16Z">
          <exception class="java.lang.RuntimeException">
            <message>
              <![CDATA[FAILED]]>
            </message>
            <full-stacktrace>
              <![CDATA[java.lang.RuntimeException: FAILED
	at utils.Reporter.reportStep(Reporter.java:33)
	at utils.Reporter.reportStep(Reporter.java:43)
	at wrappers.GenericWrappers.invokeApp(GenericWrappers.java:125)
	at wrappers.GenericWrappers.invokeApp(GenericWrappers.java:86)
	at wrappers.AppWrappers.beforeMethod(AppWrappers.java:33)
	at sun.reflect.NativeMethodAccessorImpl.invoke0(Native Method)
	at sun.reflect.NativeMethodAccessorImpl.invoke(NativeMethodAccessorImpl.java:62)
	at sun.reflect.DelegatingMethodAccessorImpl.invoke(DelegatingMethodAccessorImpl.java:43)
	at java.lang.reflect.Method.invoke(Method.java:498)
	at org.testng.internal.MethodInvocationHelper.invokeMethod(MethodInvocationHelper.java:86)
	at org.testng.internal.Invoker.invokeConfigurationMethod(Invoker.java:515)
	at org.testng.internal.Invoker.invokeConfigurations(Invoker.java:216)
	at org.testng.internal.Invoker.invokeMethod(Invoker.java:590)
	at org.testng.internal.Invoker.invokeTestMethod(Invoker.java:823)
	at org.testng.internal.Invoker.invokeTestMethods(Invoker.java:1131)
	at org.testng.internal.TestMethodWorker.invokeTestMethods(TestMethodWorker.java:129)
	at org.testng.internal.TestMethodWorker.run(TestMethodWorker.java:112)
	at org.testng.TestRunner.privateRun(TestRunner.java:778)
	at org.testng.TestRunner.run(TestRunner.java:632)
	at org.testng.SuiteRunner.runTest(SuiteRunner.java:366)
	at org.testng.SuiteRunner.runSequentially(SuiteRunner.java:361)
	at org.testng.SuiteRunner.privateRun(SuiteRunner.java:319)
	at org.testng.SuiteRunner.run(SuiteRunner.java:268)
	at org.testng.SuiteRunnerWorker.runSuite(SuiteRunnerWorker.java:52)
	at org.testng.SuiteRunnerWorker.run(SuiteRunnerWorker.java:86)
	at org.testng.TestNG.runSuitesSequentially(TestNG.java:1225)
	at org.testng.TestNG.runSuitesLocally(TestNG.java:1150)
	at org.testng.TestNG.runSuites(TestNG.java:1075)
	at org.testng.TestNG.run(TestNG.java:1047)
	at org.testng.remote.AbstractRemoteTestNG.run(AbstractRemoteTestNG.java:126)
	at org.testng.remote.RemoteTestNG.initAndRun(RemoteTestNG.java:137)
	at org.testng.remote.RemoteTestNG.main(RemoteTestNG.java:58)
]]>
            </full-stacktrace>
          </exception> <!-- java.lang.RuntimeException -->
          <reporter-output>
          </reporter-output>
        </test-method> <!-- beforeMethod -->
        <test-method status="SKIP" signature="login(java.lang.String, java.lang.String, java.lang.String, java.lang.String, java.lang.String, java.lang.String, java.lang.String, java.lang.String, java.lang.String, java.lang.String, java.lang.String, java.lang.String, java.lang.String, java.lang.String, java.lang.String, java.lang.String, java.lang.String, java.lang.String, java.lang.String, java.lang.String, java.lang.String, java.lang.String, java.lang.String, java.lang.String)[pri:0, instance:testcases.TC001_Sample@20398b7c]" name="login" duration-ms="2" started-at="2024-11-24T21:34:21Z" data-provider="fetchData" finished-at="2024-11-24T21:34:21Z">
          <params>
            <param index="0">
              <value>
                <![CDATA[ar97arunkumar@gmail.com]]>
              </value>
            </param>
            <param index="1">
              <value>
                <![CDATA[12345678]]>
              </value>
            </param>
            <param index="2">
              <value>
                <![CDATA[arunkumar]]>
              </value>
            </param>
            <param index="3">
              <value>
                <![CDATA[Building materials]]>
              </value>
            </param>
            <param index="4">
              <value>
                <![CDATA[BMPTest]]>
              </value>
            </param>
            <param index="5">
              <value>
                <![CDATA[Dr. Fixit Pidiproof]]>
              </value>
            </param>
            <param index="6">
              <value>
                <![CDATA[arun]]>
              </value>
            </param>
            <param index="7">
              <value>
                <![CDATA[7092406358]]>
              </value>
            </param>
            <param index="8">
              <value>
                <![CDATA[arunkumar.ar@gitechgames.com]]>
              </value>
            </param>
            <param index="9">
              <value>
                <![CDATA[101234]]>
              </value>
            </param>
            <param index="10">
              <value>
                <![CDATA[arun]]>
              </value>
            </param>
            <param index="11">
              <value>
                <![CDATA[testing]]>
              </value>
            </param>
            <param index="12">
              <value>
                <![CDATA[testing]]>
              </value>
            </param>
            <param index="13">
              <value>
                <![CDATA[560003]]>
              </value>
            </param>
            <param index="14">
              <value>
                <![CDATA[trichy]]>
              </value>
            </param>
            <param index="15">
              <value>
                <![CDATA[tamilnadu]]>
              </value>
            </param>
            <param index="16">
              <value>
                <![CDATA[arun]]>
              </value>
            </param>
            <param index="17">
              <value>
                <![CDATA[testing]]>
              </value>
            </param>
            <param index="18">
              <value>
                <![CDATA[testing]]>
              </value>
            </param>
            <param index="19">
              <value>
                <![CDATA[560003]]>
              </value>
            </param>
            <param index="20">
              <value>
                <![CDATA[trichy]]>
              </value>
            </param>
            <param index="21">
              <value>
                <![CDATA[tamilnadu]]>
              </value>
            </param>
            <param index="22">
              <value>
                <![CDATA[Netbanking]]>
              </value>
            </param>
            <param index="23">
              <value>
                <![CDATA[ICICI]]>
              </value>
            </param>
          </params>
          <reporter-output>
          </reporter-output>
        </test-method> <!-- login -->
        <test-method status="SKIP" signature="afterMethod()[pri:0, instance:testcases.TC001_Sample@20398b7c]" name="afterMethod" is-config="true" duration-ms="0" started-at="2024-11-24T21:34:21Z" finished-at="2024-11-24T21:34:21Z">
          <reporter-output>
          </reporter-output>
        </test-method> <!-- afterMethod -->
        <test-method status="SKIP" signature="afterTest()[pri:0, instance:testcases.TC001_Sample@20398b7c]" name="afterTest" is-config="true" duration-ms="0" started-at="2024-11-24T21:34:21Z" finished-at="2024-11-24T21:34:21Z">
          <reporter-output>
          </reporter-output>
        </test-method> <!-- afterTest -->
        <test-method status="SKIP" signature="afterSuite()[pri:0, instance:testcases.TC001_Sample@20398b7c]" name="afterSuite" is-config="true" duration-ms="0" started-at="2024-11-24T21:34:21Z" finished-at="2024-11-24T21:34:21Z">
          <reporter-output>
          </reporter-output>
        </test-method> <!-- afterSuite -->
      </class> <!-- testcases.TC001_Sample -->
    </test> <!-- Default test -->
  </suite> <!-- Default suite -->
</testng-results>
